  main.cpp
H:\Project\OpenglEngine\OpenglEngine\main.h(25,35): warning C4099: “GLFWwindow”: 类型名称以前使用“struct”现在使用的是“class”
D:\OpenGL\glfw-3.3.4.bin.WIN32\include\GLFW\glfw3.h(1182): message : 参见“GLFWwindow”的声明
H:\Project\OpenglEngine\OpenglEngine\main.h(57,17): warning C4244: “=”: 从“double”转换到“float”，可能丢失数据
H:\Project\OpenglEngine\OpenglEngine\main.h(58,17): warning C4244: “=”: 从“double”转换到“float”，可能丢失数据
H:\Project\OpenglEngine\OpenglEngine\main.h(63,17): warning C4244: “=”: 从“double”转换到“float”，可能丢失数据
H:\Project\OpenglEngine\OpenglEngine\main.h(64,17): warning C4244: “=”: 从“double”转换到“float”，可能丢失数据
H:\Project\OpenglEngine\OpenglEngine\main.h(66,13): warning C4244: “=”: 从“double”转换到“float”，可能丢失数据
H:\Project\OpenglEngine\OpenglEngine\main.h(67,13): warning C4244: “=”: 从“double”转换到“float”，可能丢失数据
LINK : warning LNK4098: 默认库“MSVCRT”与其他库的使用冲突；请使用 /NODEFAULTLIB:library
LINK : warning LNK4098: 默认库“LIBCMT”与其他库的使用冲突；请使用 /NODEFAULTLIB:library
LINK : warning LNK4217: 符号“___glewAttachShader”(在“ glew32s.lib(glew.obj)”中定义)已由“Shader.obj”(函数“__catch$??0Shader@@QAE@PBD0@Z$0”中)导入
LINK : warning LNK4217: 符号“___glewCompileShader”(在“ glew32s.lib(glew.obj)”中定义)已由“Shader.obj”(函数“__catch$??0Shader@@QAE@PBD0@Z$0”中)导入
LINK : warning LNK4217: 符号“___glewCreateProgram”(在“ glew32s.lib(glew.obj)”中定义)已由“Shader.obj”(函数“__catch$??0Shader@@QAE@PBD0@Z$0”中)导入
LINK : warning LNK4217: 符号“___glewCreateShader”(在“ glew32s.lib(glew.obj)”中定义)已由“Shader.obj”(函数“__catch$??0Shader@@QAE@PBD0@Z$0”中)导入
LINK : warning LNK4217: 符号“___glewDeleteShader”(在“ glew32s.lib(glew.obj)”中定义)已由“Shader.obj”(函数“__catch$??0Shader@@QAE@PBD0@Z$0”中)导入
LINK : warning LNK4217: 符号“___glewGetProgramInfoLog”(在“ glew32s.lib(glew.obj)”中定义)已由“Shader.obj”(函数“"private: void __thiscall Shader::checkCompileErrors(unsigned int,class std::basic_string<char,struct std::char_traits<char>,class std::allocator<char> >)" (?checkCompileErrors@Shader@@AAEXIV?$basic_string@DU?$char_traits@D@std@@V?$allocator@D@2@@std@@@Z)”中)导入
LINK : warning LNK4217: 符号“___glewGetProgramiv”(在“ glew32s.lib(glew.obj)”中定义)已由“Shader.obj”(函数“"private: void __thiscall Shader::checkCompileErrors(unsigned int,class std::basic_string<char,struct std::char_traits<char>,class std::allocator<char> >)" (?checkCompileErrors@Shader@@AAEXIV?$basic_string@DU?$char_traits@D@std@@V?$allocator@D@2@@std@@@Z)”中)导入
LINK : warning LNK4217: 符号“___glewGetShaderInfoLog”(在“ glew32s.lib(glew.obj)”中定义)已由“Shader.obj”(函数“"private: void __thiscall Shader::checkCompileErrors(unsigned int,class std::basic_string<char,struct std::char_traits<char>,class std::allocator<char> >)" (?checkCompileErrors@Shader@@AAEXIV?$basic_string@DU?$char_traits@D@std@@V?$allocator@D@2@@std@@@Z)”中)导入
LINK : warning LNK4217: 符号“___glewGetShaderiv”(在“ glew32s.lib(glew.obj)”中定义)已由“Shader.obj”(函数“"private: void __thiscall Shader::checkCompileErrors(unsigned int,class std::basic_string<char,struct std::char_traits<char>,class std::allocator<char> >)" (?checkCompileErrors@Shader@@AAEXIV?$basic_string@DU?$char_traits@D@std@@V?$allocator@D@2@@std@@@Z)”中)导入
LINK : warning LNK4217: 符号“___glewGetUniformLocation”(在“ glew32s.lib(glew.obj)”中定义)已由“Shader.obj”(函数“"public: void __thiscall Shader::SetUniform1f(char const *,float)" (?SetUniform1f@Shader@@QAEXPBDM@Z)”中)导入
LINK : warning LNK4217: 符号“___glewGetUniformLocation”(在“ glew32s.lib(glew.obj)”中定义)已由“Texture.obj”(函数“"int __cdecl stbi__bmp_info(struct stbi__context *,int *,int *,int *)" (?stbi__bmp_info@@YAHPAUstbi__context@@PAH11@Z)”中)导入
LINK : warning LNK4217: 符号“___glewLinkProgram”(在“ glew32s.lib(glew.obj)”中定义)已由“Shader.obj”(函数“__catch$??0Shader@@QAE@PBD0@Z$0”中)导入
LINK : warning LNK4217: 符号“___glewShaderSource”(在“ glew32s.lib(glew.obj)”中定义)已由“Shader.obj”(函数“__catch$??0Shader@@QAE@PBD0@Z$0”中)导入
LINK : warning LNK4217: 符号“___glewUniform1f”(在“ glew32s.lib(glew.obj)”中定义)已由“Shader.obj”(函数“"public: void __thiscall Shader::SetUniform1f(char const *,float)" (?SetUniform1f@Shader@@QAEXPBDM@Z)”中)导入
LINK : warning LNK4217: 符号“___glewUniform1i”(在“ glew32s.lib(glew.obj)”中定义)已由“Shader.obj”(函数“"public: void __thiscall Shader::TextureSetUniform(int,char const *)" (?TextureSetUniform@Shader@@QAEXHPBD@Z)”中)导入
LINK : warning LNK4217: 符号“___glewUniform1i”(在“ glew32s.lib(glew.obj)”中定义)已由“Texture.obj”(函数“"void * __cdecl stbi__tga_load(struct stbi__context *,int *,int *,int *,int,struct stbi__result_info *)" (?stbi__tga_load@@YAPAXPAUstbi__context@@PAH11HPAUstbi__result_info@@@Z)”中)导入
LINK : warning LNK4217: 符号“___glewUniform3f”(在“ glew32s.lib(glew.obj)”中定义)已由“Shader.obj”(函数“"public: void __thiscall Shader::SetUniform3f(char const *,float,float,float)" (?SetUniform3f@Shader@@QAEXPBDMMM@Z)”中)导入
LINK : warning LNK4217: 符号“___glewUniformMatrix4fv”(在“ glew32s.lib(glew.obj)”中定义)已由“Shader.obj”(函数“"public: void __thiscall Shader::UniformMat(char const *,struct glm::tmat4x4<float,0>)" (?UniformMat@Shader@@QAEXPBDU?$tmat4x4@M$0A@@glm@@@Z)”中)导入
LINK : warning LNK4217: 符号“___glewUseProgram”(在“ glew32s.lib(glew.obj)”中定义)已由“Shader.obj”(函数“"public: void __thiscall Shader::use(void)" (?use@Shader@@QAEXXZ)”中)导入
LINK : warning LNK4217: 符号“___glewActiveTexture”(在“ glew32s.lib(glew.obj)”中定义)已由“Texture.obj”(函数“"public: void __thiscall Texture::BindTexture(void)" (?BindTexture@Texture@@QAEXXZ)”中)导入
LINK : warning LNK4217: 符号“___glewGenerateMipmap”(在“ glew32s.lib(glew.obj)”中定义)已由“Texture.obj”(函数“"private: void __thiscall Texture::CreateTextureAndLoadImage(unsigned int)" (?CreateTextureAndLoadImage@Texture@@AAEXI@Z)”中)导入
glew32s.lib(glew.obj) : warning LNK4099: 未找到 PDB“vc120.pdb”(使用“glew32s.lib(glew.obj)”或在“H:\Project\OpenglEngine\Debug\vc120.pdb”中寻找)；正在链接对象，如同没有调试信息一样
  OpenglEngine.vcxproj -> H:\Project\OpenglEngine\Debug\OpenglEngine.exe
