h:\project\openglengine\openglengine\debug\vc142.pdb
h:\project\openglengine\openglengine\debug\vc142.idb
h:\project\openglengine\openglengine\debug\shader.obj
h:\project\openglengine\openglengine\debug\mesh.obj
h:\project\openglengine\openglengine\debug\material.obj
h:\project\openglengine\openglengine\debug\main.obj
h:\project\openglengine\openglengine\debug\camera.obj
h:\project\openglengine\openglengine\debug\texture.obj
h:\project\openglengine\openglengine\debug\lightdir.obj
h:\project\openglengine\openglengine\debug\lightpoint.obj
h:\project\openglengine\debug\openglengine.exe
h:\project\openglengine\openglengine\debug\openglengine.ilk
h:\project\openglengine\debug\openglengine.pdb
h:\project\openglengine\openglengine\debug\main.obj.enc
h:\project\openglengine\openglengine\debug\openglengine.tlog\cl.command.1.tlog
h:\project\openglengine\openglengine\debug\openglengine.tlog\cl.read.1.tlog
h:\project\openglengine\openglengine\debug\openglengine.tlog\cl.write.1.tlog
h:\project\openglengine\openglengine\debug\openglengine.tlog\link.command.1.tlog
h:\project\openglengine\openglengine\debug\openglengine.tlog\link.read.1.tlog
h:\project\openglengine\openglengine\debug\openglengine.tlog\link.write.1.tlog
